<?xml version="1.0" encoding="UTF-8"?>
<testng-results ignored="0" total="3" passed="3" failed="0" skipped="0">
  <reporter-output>
    <line>
      <![CDATA[Google]]>
    </line>
    <line>
      <![CDATA[Facebook – log in or sign up]]>
    </line>
    <line>
      <![CDATA[http://www.fb.com]]>
    </line>
    <line>
      <![CDATA[Facebook – log in or sign up]]>
    </line>
    <line>
      <![CDATA[A1]]>
    </line>
  </reporter-output>
  <suite started-at="2022-03-04T02:43:31Z" name="Suite" finished-at="2022-03-04T02:44:49Z" duration-ms="77748">
    <groups>
    </groups>
    <test started-at="2022-03-04T02:43:31Z" name="Regression" finished-at="2022-03-04T02:44:49Z" duration-ms="77748">
      <class name="Script.Test1">
        <test-method is-config="true" signature="openApp()[pri:0, instance:Script.Test1@2a3c96e3]" started-at="2022-03-04T02:43:32Z" name="openApp" finished-at="2022-03-04T02:44:17Z" duration-ms="45754" status="PASS">
          <reporter-output>
          </reporter-output>
        </test-method> <!-- openApp -->
        <test-method signature="testA()[pri:0, instance:Script.Test1@2a3c96e3]" started-at="2022-03-04T02:44:17Z" name="testA" finished-at="2022-03-04T02:44:17Z" duration-ms="81" status="PASS">
          <reporter-output>
            <line>
              <![CDATA[Google]]>
            </line>
          </reporter-output>
        </test-method> <!-- testA -->
        <test-method is-config="true" signature="closeApp()[pri:0, instance:Script.Test1@2a3c96e3]" started-at="2022-03-04T02:44:17Z" name="closeApp" finished-at="2022-03-04T02:44:18Z" duration-ms="367" status="PASS">
          <reporter-output>
          </reporter-output>
        </test-method> <!-- closeApp -->
      </class> <!-- Script.Test1 -->
      <class name="Script.Test2">
        <test-method is-config="true" signature="openApp()[pri:0, instance:Script.Test2@15cafec7]" started-at="2022-03-04T02:44:18Z" name="openApp" finished-at="2022-03-04T02:44:30Z" duration-ms="12530" status="PASS">
          <reporter-output>
          </reporter-output>
        </test-method> <!-- openApp -->
        <test-method signature="testA()[pri:0, instance:Script.Test2@15cafec7]" started-at="2022-03-04T02:44:30Z" name="testA" finished-at="2022-03-04T02:44:30Z" duration-ms="65" status="PASS">
          <reporter-output>
            <line>
              <![CDATA[Facebook – log in or sign up]]>
            </line>
          </reporter-output>
        </test-method> <!-- testA -->
        <test-method is-config="true" signature="closeApp()[pri:0, instance:Script.Test2@15cafec7]" started-at="2022-03-04T02:44:30Z" name="closeApp" finished-at="2022-03-04T02:44:31Z" duration-ms="181" status="PASS">
          <reporter-output>
          </reporter-output>
        </test-method> <!-- closeApp -->
      </class> <!-- Script.Test2 -->
      <class name="Script.Test3">
        <test-method is-config="true" signature="openApp()[pri:0, instance:Script.Test3@5b444398]" started-at="2022-03-04T02:44:31Z" name="openApp" finished-at="2022-03-04T02:44:44Z" duration-ms="13732" status="PASS">
          <reporter-output>
          </reporter-output>
        </test-method> <!-- openApp -->
        <test-method signature="testA()[pri:0, instance:Script.Test3@5b444398]" started-at="2022-03-04T02:44:44Z" name="testA" finished-at="2022-03-04T02:44:49Z" duration-ms="4439" status="PASS">
          <reporter-output>
            <line>
              <![CDATA[http://www.fb.com]]>
            </line>
            <line>
              <![CDATA[Facebook – log in or sign up]]>
            </line>
            <line>
              <![CDATA[A1]]>
            </line>
          </reporter-output>
        </test-method> <!-- testA -->
        <test-method is-config="true" signature="closeApp()[pri:0, instance:Script.Test3@5b444398]" started-at="2022-03-04T02:44:49Z" name="closeApp" finished-at="2022-03-04T02:44:49Z" duration-ms="491" status="PASS">
          <reporter-output>
          </reporter-output>
        </test-method> <!-- closeApp -->
      </class> <!-- Script.Test3 -->
    </test> <!-- Regression -->
  </suite> <!-- Suite -->
</testng-results>
